[0.007s] Invoking command in '/home/eypan/turtle_follow_ws/build/turtle_interfaces': CMAKE_PREFIX_PATH=${CMAKE_PREFIX_PATH}:/home/eypan/turtle_follow_ws/install/turtle_control:/home/eypan/install/tutorial_interfaces:/home/eypan/ros2_ws/install/perception:/home/eypan/ros2_ws/install/brain:/home/eypan/ros2_ws/install/actuation:/opt/ros/humble /usr/bin/cmake --build /home/eypan/turtle_follow_ws/build/turtle_interfaces -- -j8 -l8
[0.023s] -- Found ament_cmake: 1.3.9 (/opt/ros/humble/share/ament_cmake/cmake)
[0.106s] -- Found rosidl_default_generators: 1.2.0 (/opt/ros/humble/share/rosidl_default_generators/cmake)
[0.107s] -- Using all available rosidl_typesupport_c: rosidl_typesupport_fastrtps_c;rosidl_typesupport_introspection_c
[0.109s] -- Found rosidl_adapter: 3.1.5 (/opt/ros/humble/share/rosidl_adapter/cmake)
[0.128s] -- Using all available rosidl_typesupport_cpp: rosidl_typesupport_fastrtps_cpp;rosidl_typesupport_introspection_cpp
[0.265s] [31mCMake Error at /opt/ros/humble/share/rosidl_adapter/cmake/rosidl_adapt_interfaces.cmake:59 (message):
[0.265s]   execute_process(/usr/bin/python3 -m rosidl_adapter --package-name
[0.265s]   turtle_interfaces --arguments-file
[0.265s]   /home/eypan/turtle_follow_ws/build/turtle_interfaces/rosidl_adapter__arguments__turtle_interfaces.json
[0.265s]   --output-dir
[0.265s]   /home/eypan/turtle_follow_ws/build/turtle_interfaces/rosidl_adapter/turtle_interfaces
[0.265s]   --output-file
[0.265s]   /home/eypan/turtle_follow_ws/build/turtle_interfaces/rosidl_adapter/turtle_interfaces.idls)
[0.265s]   returned error code 1:
[0.265s] 
[0.265s]   Error with: turtle_interfaces TurtleFollow ---
[0.265s] 
[0.265s]   Traceback (most recent call last):
[0.265s] 
[0.265s]     File "/usr/lib/python3.10/runpy.py", line 196, in _run_module_as_main
[0.265s]       return _run_code(code, main_globals, None,
[0.265s]     File "/usr/lib/python3.10/runpy.py", line 86, in _run_code
[0.265s]       exec(code, run_globals)
[0.265s]     File "/opt/ros/humble/local/lib/python3.10/dist-packages/rosidl_adapter/__main__.py", line 19, in <module>
[0.265s]       sys.exit(main())
[0.265s]     File "/opt/ros/humble/local/lib/python3.10/dist-packages/rosidl_adapter/main.py", line 53, in main
[0.265s]       abs_idl_file = convert_to_idl(
[0.265s]     File "/opt/ros/humble/local/lib/python3.10/dist-packages/rosidl_adapter/__init__.py", line 19, in convert_to_idl
[0.265s]       return convert_msg_to_idl(
[0.266s]     File "/opt/ros/humble/local/lib/python3.10/dist-packages/rosidl_adapter/msg/__init__.py", line 28, in convert_msg_to_idl
[0.266s]       msg = parse_message_string(package_name, input_file.stem, content)
[0.266s]     File "/opt/ros/humble/local/lib/python3.10/dist-packages/rosidl_adapter/parser.py", line 510, in parse_message_string
[0.266s]       raise InvalidFieldDefinition(line)
[0.266s] 
[0.266s]   rosidl_adapter.parser.InvalidFieldDefinition: ---
[0.266s] 
[0.266s] Call Stack (most recent call first):
[0.266s]   /opt/ros/humble/share/rosidl_cmake/cmake/rosidl_generate_interfaces.cmake:130 (rosidl_adapt_interfaces)
[0.266s]   CMakeLists.txt:16 (rosidl_generate_interfaces)
[0.266s] 
[0.266s] [0m
[0.266s] -- Configuring incomplete, errors occurred!
[0.266s] See also "/home/eypan/turtle_follow_ws/build/turtle_interfaces/CMakeFiles/CMakeOutput.log".
[0.268s] gmake: *** [Makefile:963: cmake_check_build_system] Error 1
[0.270s] Invoked command in '/home/eypan/turtle_follow_ws/build/turtle_interfaces' returned '2': CMAKE_PREFIX_PATH=${CMAKE_PREFIX_PATH}:/home/eypan/turtle_follow_ws/install/turtle_control:/home/eypan/install/tutorial_interfaces:/home/eypan/ros2_ws/install/perception:/home/eypan/ros2_ws/install/brain:/home/eypan/ros2_ws/install/actuation:/opt/ros/humble /usr/bin/cmake --build /home/eypan/turtle_follow_ws/build/turtle_interfaces -- -j8 -l8
